Terminals unused in grammar

    ID


문법

    0 $accept: S $end

    1 S: C C

    2 C: 'c' C
    3  | 'd'


Terminals, with rules where they appear

    $end (0) 0
    'c' (99) 2
    'd' (100) 3
    error (256)
    ID (258)


Nonterminals, with rules where they appear

    $accept (6)
        on left: 0
    S (7)
        on left: 1
        on right: 0
    C (8)
        on left: 2 3
        on right: 1 2


State 0

    0 $accept: . S $end

    'c'  shift, and go to state 1
    'd'  shift, and go to state 2

    S  go to state 3
    C  go to state 4


State 1

    2 C: 'c' . C

    'c'  shift, and go to state 1
    'd'  shift, and go to state 2

    C  go to state 5


State 2

    3 C: 'd' .

    $default  reduce using rule 3 (C)


State 3

    0 $accept: S . $end

    $end  shift, and go to state 6


State 4

    1 S: C . C

    'c'  shift, and go to state 1
    'd'  shift, and go to state 2

    C  go to state 7


State 5

    2 C: 'c' C .

    $default  reduce using rule 2 (C)


State 6

    0 $accept: S $end .

    $default  accept


State 7

    1 S: C C .

    $default  reduce using rule 1 (S)
